This is pdfTeX, Version 3.1415926-2.3-1.40.12 (TeX Live 2011/MacPorts 2011_5) (format=pdflatex 2012.4.2)  22 MAY 2012 08:24
entering extended mode
 restricted \write18 enabled.
 file:line:error style messages enabled.
 %&-line parsing enabled.
**aruspix.tex
(./aruspix.tex
LaTeX2e <2009/09/24>
Babel <v3.8l> and hyphenation patterns for english, dumylang, nohyphenation, lo
aded.
(/opt/local/share/texmf-texlive-dist/tex/latex/base/article.cls
Document Class: article 2007/10/19 v1.4h Standard LaTeX document class
(/opt/local/share/texmf-texlive-dist/tex/latex/base/size11.clo
File: size11.clo 2007/10/19 v1.4h Standard LaTeX file (size option)
)
\c@part=\count79
\c@section=\count80
\c@subsection=\count81
\c@subsubsection=\count82
\c@paragraph=\count83
\c@subparagraph=\count84
\c@figure=\count85
\c@table=\count86
\abovecaptionskip=\skip41
\belowcaptionskip=\skip42
\bibindent=\dimen102
)
(/opt/local/share/texmf-texlive-dist/tex/latex/base/fontenc.sty
Package: fontenc 2005/09/27 v1.99g Standard LaTeX package

(/opt/local/share/texmf-texlive-dist/tex/latex/base/t1enc.def
File: t1enc.def 2005/09/27 v1.99g Standard LaTeX file
LaTeX Font Info:    Redeclaring font encoding T1 on input line 43.
))
(/opt/local/share/texmf-texlive-dist/tex/latex/base/inputenc.sty
Package: inputenc 2008/03/30 v1.1d Input encoding file
\inpenc@prehook=\toks14
\inpenc@posthook=\toks15

(/opt/local/share/texmf-texlive-dist/tex/latex/base/latin9.def
File: latin9.def 2008/03/30 v1.1d Input encoding file
))
(/opt/local/share/texmf-texlive-dist/tex/latex/geometry/geometry.sty
Package: geometry 2010/09/12 v5.6 Page Geometry

(/opt/local/share/texmf-texlive-dist/tex/latex/graphics/keyval.sty
Package: keyval 1999/03/16 v1.13 key=value parser (DPC)
\KV@toks@=\toks16
)
(/opt/local/share/texmf-texlive-dist/tex/generic/oberdiek/ifpdf.sty
Package: ifpdf 2011/01/30 v2.3 Provides the ifpdf switch (HO)
Package ifpdf Info: pdfTeX in PDF mode is detected.
)
(/opt/local/share/texmf-texlive-dist/tex/generic/oberdiek/ifvtex.sty
Package: ifvtex 2010/03/01 v1.5 Switches for detecting VTeX and its modes (HO)
Package ifvtex Info: VTeX not detected.
)
(/opt/local/share/texmf-texlive-dist/tex/generic/ifxetex/ifxetex.sty
Package: ifxetex 2010/09/12 v0.6 Provides ifxetex conditional
)
\Gm@cnth=\count87
\Gm@cntv=\count88
\c@Gm@tempcnt=\count89
\Gm@bindingoffset=\dimen103
\Gm@wd@mp=\dimen104
\Gm@odd@mp=\dimen105
\Gm@even@mp=\dimen106
\Gm@layoutwidth=\dimen107
\Gm@layoutheight=\dimen108
\Gm@layouthoffset=\dimen109
\Gm@layoutvoffset=\dimen110
\Gm@dimlist=\toks17
)
(/opt/local/share/texmf-texlive-dist/tex/latex/graphics/graphicx.sty
Package: graphicx 1999/02/16 v1.0f Enhanced LaTeX Graphics (DPC,SPQR)

(/opt/local/share/texmf-texlive-dist/tex/latex/graphics/graphics.sty
Package: graphics 2009/02/05 v1.0o Standard LaTeX Graphics (DPC,SPQR)

(/opt/local/share/texmf-texlive-dist/tex/latex/graphics/trig.sty
Package: trig 1999/03/16 v1.09 sin cos tan (DPC)
)
(/opt/local/share/texmf-texlive-dist/tex/latex/latexconfig/graphics.cfg
File: graphics.cfg 2010/04/23 v1.9 graphics configuration of TeX Live
)
Package graphics Info: Driver file: pdftex.def on input line 91.

(/opt/local/share/texmf-texlive-dist/tex/latex/pdftex-def/pdftex.def
File: pdftex.def 2011/05/27 v0.06d Graphics/color for pdfTeX

(/opt/local/share/texmf-texlive-dist/tex/generic/oberdiek/infwarerr.sty
Package: infwarerr 2010/04/08 v1.3 Providing info/warning/message (HO)
)
(/opt/local/share/texmf-texlive-dist/tex/generic/oberdiek/ltxcmds.sty
Package: ltxcmds 2011/04/18 v1.20 LaTeX kernel commands for general use (HO)
)
\Gread@gobject=\count90
))
\Gin@req@height=\dimen111
\Gin@req@width=\dimen112
)
(/opt/local/share/texmf-texlive-dist/tex/generic/babel/babel.sty
Package: babel 2008/07/06 v3.8l The Babel package

(/opt/local/share/texmf-texlive-dist/tex/generic/babel/english.ldf
Language: english 2005/03/30 v3.3o English support from the babel system

(/opt/local/share/texmf-texlive-dist/tex/generic/babel/babel.def
File: babel.def 2008/07/06 v3.8l Babel common definitions
\babel@savecnt=\count91
\U@D=\dimen113
)
\l@british = a dialect from \language\l@english 
\l@UKenglish = a dialect from \language\l@english 
\l@canadian = a dialect from \language\l@american 
\l@australian = a dialect from \language\l@british 
\l@newzealand = a dialect from \language\l@british 
))
(./aruspix.aux)
\openout1 = `aruspix.aux'.

LaTeX Font Info:    Checking defaults for OML/cmm/m/it on input line 22.
LaTeX Font Info:    ... okay on input line 22.
LaTeX Font Info:    Checking defaults for T1/cmr/m/n on input line 22.
LaTeX Font Info:    ... okay on input line 22.
LaTeX Font Info:    Checking defaults for OT1/cmr/m/n on input line 22.
LaTeX Font Info:    ... okay on input line 22.
LaTeX Font Info:    Checking defaults for OMS/cmsy/m/n on input line 22.
LaTeX Font Info:    ... okay on input line 22.
LaTeX Font Info:    Checking defaults for OMX/cmex/m/n on input line 22.
LaTeX Font Info:    ... okay on input line 22.
LaTeX Font Info:    Checking defaults for U/cmr/m/n on input line 22.
LaTeX Font Info:    ... okay on input line 22.

*geometry* driver: auto-detecting
*geometry* detected driver: pdftex
*geometry* verbose mode - [ preamble ] result:
* driver: pdftex
* paper: letterpaper
* layout: <same size as paper>
* layoutoffset:(h,v)=(0.0pt,0.0pt)
* modes: 
* h-part:(L,W,R)=(72.26999pt, 469.75502pt, 72.26999pt)
* v-part:(T,H,B)=(72.26999pt, 650.43001pt, 72.26999pt)
* \paperwidth=614.295pt
* \paperheight=794.96999pt
* \textwidth=469.75502pt
* \textheight=650.43001pt
* \oddsidemargin=0.0pt
* \evensidemargin=0.0pt
* \topmargin=-37.0pt
* \headheight=12.0pt
* \headsep=25.0pt
* \topskip=11.0pt
* \footskip=30.0pt
* \marginparwidth=59.0pt
* \marginparsep=10.0pt
* \columnsep=10.0pt
* \skip\footins=10.0pt plus 4.0pt minus 2.0pt
* \hoffset=0.0pt
* \voffset=0.0pt
* \mag=1000
* \@twocolumnfalse
* \@twosidefalse
* \@mparswitchfalse
* \@reversemarginfalse
* (1in=72.27pt=25.4mm, 1cm=28.453pt)

(/opt/local/share/texmf-texlive-dist/tex/context/base/supp-pdf.mkii
[Loading MPS to PDF converter (version 2006.09.02).]
\scratchcounter=\count92
\scratchdimen=\dimen114
\scratchbox=\box26
\nofMPsegments=\count93
\nofMParguments=\count94
\everyMPshowfont=\toks18
\MPscratchCnt=\count95
\MPscratchDim=\dimen115
\MPnumerator=\count96
\makeMPintoPDFobject=\count97
\everyMPtoPDFconversion=\toks19
) (/opt/local/share/texmf-texlive-dist/tex/generic/oberdiek/pdftexcmds.sty
Package: pdftexcmds 2011/04/22 v0.16 Utilities of pdfTeX for LuaTeX (HO)

(/opt/local/share/texmf-texlive-dist/tex/generic/oberdiek/ifluatex.sty
Package: ifluatex 2010/03/01 v1.3 Provides the ifluatex switch (HO)
Package ifluatex Info: LuaTeX not detected.
)
Package pdftexcmds Info: LuaTeX not detected.
Package pdftexcmds Info: \pdf@primitive is available.
Package pdftexcmds Info: \pdf@ifprimitive is available.
Package pdftexcmds Info: \pdfdraftmode found.
)
(/opt/local/share/texmf-texlive-dist/tex/latex/oberdiek/epstopdf-base.sty
Package: epstopdf-base 2010/02/09 v2.5 Base part for package epstopdf

(/opt/local/share/texmf-texlive-dist/tex/latex/oberdiek/grfext.sty
Package: grfext 2010/08/19 v1.1 Managing graphics extensions (HO)

(/opt/local/share/texmf-texlive-dist/tex/generic/oberdiek/kvdefinekeys.sty
Package: kvdefinekeys 2011/04/07 v1.3 Defining keys (HO)
))
(/opt/local/share/texmf-texlive-dist/tex/latex/oberdiek/kvoptions.sty
Package: kvoptions 2010/12/23 v3.10 Keyval support for LaTeX options (HO)

(/opt/local/share/texmf-texlive-dist/tex/generic/oberdiek/kvsetkeys.sty
Package: kvsetkeys 2011/04/07 v1.13 Key value parser (HO)

(/opt/local/share/texmf-texlive-dist/tex/generic/oberdiek/etexcmds.sty
Package: etexcmds 2011/02/16 v1.5 Prefix for e-TeX command names (HO)
Package etexcmds Info: Could not find \expanded.
(etexcmds)             That can mean that you are not using pdfTeX 1.50 or
(etexcmds)             that some package has redefined \expanded.
(etexcmds)             In the latter case, load this package earlier.
)))
Package grfext Info: Graphics extension search list:
(grfext)             [.png,.pdf,.jpg,.mps,.jpeg,.jbig2,.jb2,.PNG,.PDF,.JPG,.JPE
G,.JBIG2,.JB2,.eps]
(grfext)             \AppendGraphicsExtensions on input line 452.

(/opt/local/share/texmf-texlive-dist/tex/latex/latexconfig/epstopdf-sys.cfg
File: epstopdf-sys.cfg 2010/07/13 v1.3 Configuration of (r)epstopdf for TeX Liv
e
))
LaTeX Font Info:    External font `cmex10' loaded for size
(Font)              <12> on input line 26.
LaTeX Font Info:    External font `cmex10' loaded for size
(Font)              <8> on input line 26.
LaTeX Font Info:    External font `cmex10' loaded for size
(Font)              <6> on input line 26.


LaTeX Warning: No \author given.

<ApplicationMenu.png, id=1, 503.8825pt x 25.09375pt>
File: ApplicationMenu.png Graphic file (type png)
 <use ApplicationMenu.png>
Package pdftex.def Info: ApplicationMenu.png used on input line 54.
(pdftex.def)             Requested size: 251.94063pt x 12.54683pt.

<ToolBar.png, id=3, 604.2575pt x 48.18pt>
File: ToolBar.png Graphic file (type png)
 <use ToolBar.png>
Package pdftex.def Info: ToolBar.png used on input line 67.
(pdftex.def)             Requested size: 302.128pt x 24.08992pt.

<OpenNewFileButton.png, id=4, 45.16875pt x 44.165pt>
File: OpenNewFileButton.png Graphic file (type png)

<use OpenNewFileButton.png>
Package pdftex.def Info: OpenNewFileButton.png used on input line 82.
(pdftex.def)             Requested size: 11.13501pt x 10.88788pt.
 <ZoomButtons.png, id=5, 146.5475pt x 45.16875pt>
File: ZoomButtons.png Graphic file (type png)

<use ZoomButtons.png>
Package pdftex.def Info: ZoomButtons.png used on input line 87.
(pdftex.def)             Requested size: 35.32416pt x 10.88788pt.
 <ScannedTextRaw.png, id=6, 749.80125pt x 446.66875pt>
File: ScannedTextRaw.png Graphic file (type png)

<use ScannedTextRaw.png>
Package pdftex.def Info: ScannedTextRaw.png used on input line 93.
(pdftex.def)             Requested size: 374.8997pt x 223.33382pt.


LaTeX Warning: `h' float specifier changed to `ht'.

<RunButton.png, id=7, 45.16875pt x 44.165pt>
File: RunButton.png Graphic file (type png)
 <use RunButton.png>
Package pdftex.def Info: RunButton.png used on input line 103.
(pdftex.def)             Requested size: 11.13501pt x 10.88788pt.
 [1

{/opt/local/var/db/texmf/fonts/map/pdftex/updmap/pdftex.map} <./ApplicationMenu
.png> <./ToolBar.png> <./OpenNewFileButton.png> <./ZoomButtons.png> <./RunButto
n.png>]
<BlackBorderRed.png, id=22, 659.46375pt x 312.16624pt>
File: BlackBorderRed.png Graphic file (type png)

<use BlackBorderRed.png>
Package pdftex.def Info: BlackBorderRed.png used on input line 119.
(pdftex.def)             Requested size: 329.73106pt x 156.08273pt.
 <PPCorrection.png, id=23, 369.38pt x 211.79124pt>
File: PPCorrection.png Graphic file (type png)

<use PPCorrection.png>
Package pdftex.def Info: PPCorrection.png used on input line 132.
(pdftex.def)             Requested size: 184.68954pt x 105.89536pt.


LaTeX Warning: `h' float specifier changed to `ht'.

<EditScreen.png, id=24, 1401.235pt x 993.7125pt>
File: EditScreen.png Graphic file (type png)
 <use EditScreen.png>
Package pdftex.def Info: EditScreen.png used on input line 158.
(pdftex.def)             Requested size: 350.30789pt x 248.4275pt.
 [2 <./ScannedTextRaw.png> <./BlackBorderRed.png>]
<SemiMinim.png, id=30, 29.10875pt x 38.1425pt>
File: SemiMinim.png Graphic file (type png)
 <use SemiMinim.png>
Package pdftex.def Info: SemiMinim.png used on input line 189.
(pdftex.def)             Requested size: 8.30894pt x 10.88788pt.
 [3 <./PPCorrection.png> <./EditScreen.png> <./SemiMinim.png>]
<InsertButton.png, id=37, 42.1575pt x 41.15375pt>
File: InsertButton.png Graphic file (type png)
 <use InsertButton.png>
Package pdftex.def Info: InsertButton.png used on input line 199.
(pdftex.def)             Requested size: 11.15302pt x 10.88788pt.

<CantoClef.png, id=38, 32.12pt x 40.15pt>
File: CantoClef.png Graphic file (type png)
 <use CantoClef.png>
Package pdftex.def Info: CantoClef.png used on input line 201.
(pdftex.def)             Requested size: 8.71024pt x 10.88788pt.

<EditButton.png, id=39, 40.15pt x 39.14626pt>
File: EditButton.png Graphic file (type png)
 <use EditButton.png>
Package pdftex.def Info: EditButton.png used on input line 204.
(pdftex.def)             Requested size: 11.16718pt x 10.88788pt.

<FusaWithBreve.png, id=40, 27.10126pt x 43.16125pt>
File: FusaWithBreve.png Graphic file (type png)
 <use FusaWithBreve.png>
Package pdftex.def Info: FusaWithBreve.png used on input line 227.
(pdftex.def)             Requested size: 6.83649pt x 10.88788pt.

<BarLine.png, id=41, 31.11626pt x 39.14626pt>
File: BarLine.png Graphic file (type png)
 <use BarLine.png>
Package pdftex.def Info: BarLine.png used on input line 239.
(pdftex.def)             Requested size: 8.65456pt x 10.88788pt.

<LongRest.png, id=42, 30.1125pt x 39.14626pt>
File: LongRest.png Graphic file (type png)
 <use LongRest.png>
Package pdftex.def Info: LongRest.png used on input line 241.
(pdftex.def)             Requested size: 8.37538pt x 10.88788pt.

<Highlight.png, id=43, 445.665pt x 114.4275pt>
File: Highlight.png Graphic file (type png)
 <use Highlight.png>
Package pdftex.def Info: Highlight.png used on input line 255.
(pdftex.def)             Requested size: 222.83195pt x 57.21361pt.
 [4 <./InsertButton.png> <./CantoClef.png> <./EditButton.png> <./FusaWithBreve.
png> <./BarLine.png> <./LongRest.png> <./Highlight.png>]
LaTeX Font Info:    Try loading font information for OMS+cmr on input line 272.


(/opt/local/share/texmf-texlive-dist/tex/latex/base/omscmr.fd
File: omscmr.fd 1999/05/25 v2.5h Standard LaTeX font definitions
)
LaTeX Font Info:    Font shape `OMS/cmr/m/n' in size <10.95> not available
(Font)              Font shape `OMS/cmsy/m/n' tried instead on input line 272.

<NewBookIcon.png, id=54, 39.14626pt x 46.1725pt>
File: NewBookIcon.png Graphic file (type png)
 <use NewBookIcon.png>
Package pdftex.def Info: NewBookIcon.png used on input line 292.
(pdftex.def)             Requested size: 9.23102pt x 10.88788pt.

<NewBookWindow.png, id=55, 427.5975pt x 459.7175pt>
File: NewBookWindow.png Graphic file (type png)
 <use NewBookWindow.png>
Package pdftex.def Info: NewBookWindow.png used on input line 299.
(pdftex.def)             Requested size: 213.79822pt x 229.85818pt.

[5 <./NewBookIcon.png> <./NewBookWindow.png>]
<FileDeactivation.png, id=62, 630.355pt x 287.0725pt>
File: FileDeactivation.png Graphic file (type png)

<use FileDeactivation.png>
Package pdftex.def Info: FileDeactivation.png used on input line 350.
(pdftex.def)             Requested size: 315.17673pt x 143.53589pt.
 [6 <./FileDeactivation.png>]
LaTeX Font Info:    External font `cmex10' loaded for size
(Font)              <10.95> on input line 441.

<DottedNoteWithFlat.png, id=67, 60.225pt x 77.28876pt>
File: DottedNoteWithFlat.png Graphic file (type png)

<use DottedNoteWithFlat.png>
Package pdftex.def Info: DottedNoteWithFlat.png used on input line 442.
(pdftex.def)             Requested size: 30.11241pt x 38.64427pt.

<SpecialSymbols.png, id=68, 318.18875pt x 86.3225pt>
File: SpecialSymbols.png Graphic file (type png)
 <use SpecialSymbols.png>
Package pdftex.def Info: SpecialSymbols.png used on input line 442.
(pdftex.def)             Requested size: 159.09398pt x 43.16113pt.

<OctaveKeySignatures.png, id=69, 81.30376pt x 87.32625pt>
File: OctaveKeySignatures.png Graphic file (type png)

<use OctaveKeySignatures.png>
Package pdftex.def Info: OctaveKeySignatures.png used on input line 442.
(pdftex.def)             Requested size: 40.65176pt x 43.66301pt.


LaTeX Warning: `h' float specifier changed to `ht'.

[7] [8 <./DottedNoteWithFlat.png> <./SpecialSymbols.png> <./OctaveKeySignatures
.png>] <LigatureButtons.png, id=82, 62.2325pt x 39.14626pt>
File: LigatureButtons.png Graphic file (type png)

<use LigatureButtons.png>
Package pdftex.def Info: LigatureButtons.png used on input line 527.
(pdftex.def)             Requested size: 17.30913pt x 10.88788pt.
 <LigatureSample.png, id=83, 60.225pt x 81.30376pt>
File: LigatureSample.png Graphic file (type png)

<use LigatureSample.png>
Package pdftex.def Info: LigatureSample.png used on input line 540.
(pdftex.def)             Requested size: 30.11241pt x 40.65176pt.
 <BassClefButtons.png, id=84, 91.34125pt x 42.1575pt>
File: BassClefButtons.png Graphic file (type png)

<use BassClefButtons.png>
Package pdftex.def Info: BassClefButtons.png used on input line 567.
(pdftex.def)             Requested size: 23.58926pt x 10.88788pt.
 <BassClefs.png, id=85, 121.45375pt x 95.35625pt>
File: BassClefs.png Graphic file (type png)

<use BassClefs.png>
Package pdftex.def Info: BassClefs.png used on input line 573.
(pdftex.def)             Requested size: 60.72672pt x 47.678pt.
 <FClef.png, id=86, 68.255pt x 78.2925pt>
File: FClef.png Graphic file (type png)
 <use FClef.png>
Package pdftex.def Info: FClef.png used on input line 573.
(pdftex.def)             Requested size: 34.12741pt x 39.14615pt.

Underfull \hbox (badness 10000) in paragraph at lines 583--599

 []

[9 <./LigatureButtons.png> <./LigatureSample.png> <./BassClefButtons.png> <./Ba
ssClefs.png> <./FClef.png>] [10] (./aruspix.aux) ) 
Here is how much of TeX's memory you used:
 2660 strings out of 495070
 37368 string characters out of 3181963
 98036 words of memory out of 3000000
 5782 multiletter control sequences out of 15000+200000
 12695 words of font info for 33 fonts, out of 3000000 for 9000
 14 hyphenation exceptions out of 8191
 38i,12n,23p,233b,322s stack positions out of 5000i,500n,10000p,200000b,50000s
{/opt/local/share/texmf-texli
ve-dist/fonts/enc/dvips/cm-super/cm-super-t1.enc}</opt/local/share/texmf-texliv
e-dist/fonts/type1/public/amsfonts/cm/cmsy10.pfb></opt/local/share/texmf-texliv
e-dist/fonts/type1/public/cm-super/sfbx1095.pfb></opt/local/share/texmf-texlive
-dist/fonts/type1/public/cm-super/sfbx1200.pfb></opt/local/share/texmf-texlive-
dist/fonts/type1/public/cm-super/sfbx1440.pfb></opt/local/share/texmf-texlive-d
ist/fonts/type1/public/cm-super/sfrm1095.pfb></opt/local/share/texmf-texlive-di
st/fonts/type1/public/cm-super/sfrm1200.pfb></opt/local/share/texmf-texlive-dis
t/fonts/type1/public/cm-super/sfrm1728.pfb>
Output written on aruspix.pdf (10 pages, 1309650 bytes).
PDF statistics:
 123 PDF objects out of 1000 (max. 8388607)
 47 compressed objects within 1 object stream
 0 named destinations out of 1000 (max. 500000)
 141 words of extra memory for PDF output out of 10000 (max. 10000000)

